2025-08-19 21:55:36,391 [INFO] Starting daemon… (24/7)
2025-08-19 21:55:36,399 [ERROR] Model not found. Run backtest first.
2025-08-19 22:13:36,159 [INFO] Starting backtest…
2025-08-19 23:55:09,658 [INFO] Starting backtest…
2025-08-20 18:06:02,102 [INFO] Starting backtest…
2025-08-20 18:57:50,954 [INFO] Starting backtest…
2025-08-20 18:59:45,567 [INFO] Walk-forward — acc: 0.511, f1: 0.611, precision: 0.521, recall: 0.817, thr*: 0.450
2025-08-20 18:59:45,614 [INFO] Saved model -> models\ensemble.pkl and meta -> models\meta.json
2025-08-20 19:00:08,663 [INFO] Starting daemon… (24/7)
2025-08-20 19:00:17,558 [INFO] [ETH BOT] 2025-08-20 16:00:00+00:00
Price: 4299.77 | P(up): 0.417 (thr 0.45)
Action: SELL  Qty≈0.83800
TP: 4120.77 | SL: 4419.10
2025-08-20 19:00:17,639 [WARNING] Discord alert failed: HTTP Error 403: Forbidden
2025-08-20 19:01:19,565 [INFO] [ETH BOT] 2025-08-20 16:00:00+00:00
Price: 4299.77 | P(up): 0.417 (thr 0.45)
Action: SELL  Qty≈0.83800
TP: 4120.77 | SL: 4419.10
2025-08-20 19:01:19,626 [WARNING] Discord alert failed: HTTP Error 403: Forbidden
2025-08-20 19:02:21,436 [INFO] [ETH BOT] 2025-08-20 16:00:00+00:00
Price: 4299.77 | P(up): 0.417 (thr 0.45)
Action: SELL  Qty≈0.83800
TP: 4120.77 | SL: 4419.10
2025-08-20 19:02:21,533 [WARNING] Discord alert failed: HTTP Error 403: Forbidden
2025-08-20 19:03:23,330 [INFO] [ETH BOT] 2025-08-20 16:00:00+00:00
Price: 4299.77 | P(up): 0.417 (thr 0.45)
Action: SELL  Qty≈0.83800
TP: 4120.77 | SL: 4419.10
2025-08-20 19:03:23,423 [WARNING] Discord alert failed: HTTP Error 403: Forbidden
2025-08-20 19:04:25,215 [INFO] [ETH BOT] 2025-08-20 16:00:00+00:00
Price: 4299.77 | P(up): 0.417 (thr 0.45)
Action: SELL  Qty≈0.83800
TP: 4120.77 | SL: 4419.10
2025-08-20 19:04:25,292 [WARNING] Discord alert failed: HTTP Error 403: Forbidden
2025-08-20 19:05:06,505 [INFO] Daemon stopped by user.
2025-08-20 19:07:52,364 [INFO] Starting daemon… (24/7)
2025-08-20 19:07:58,764 [INFO] [ETH BOT] 2025-08-20 16:00:00+00:00
Price: 4299.77 | P(up): 0.417 (thr 0.45)
Action: SELL  Qty≈0.83800
TP: 4120.77 | SL: 4419.10
2025-08-20 19:07:58,837 [WARNING] Discord alert failed: HTTP Error 403: Forbidden
2025-08-20 19:08:32,212 [INFO] Daemon stopped by user.
2025-08-20 19:11:39,832 [INFO] Starting daemon… (24/7)
2025-08-20 19:11:47,179 [INFO] [ETH BOT] 2025-08-20 16:00:00+00:00
Price: 4299.77 | P(up): 0.417 (thr 0.45)
Action: SELL  Qty≈0.83800
TP: 4120.77 | SL: 4419.10
2025-08-20 19:11:47,262 [WARNING] Discord alert failed: HTTP Error 403: Forbidden
2025-08-20 19:12:02,971 [INFO] Daemon stopped by user.
2025-08-20 19:16:51,566 [INFO] Starting daemon… (24/7)
2025-08-20 19:16:58,285 [INFO] [ETH BOT] 2025-08-20 16:00:00+00:00
Price: 4299.77 | P(up): 0.417 (thr 0.45)
Action: SELL  Qty≈0.83800
TP: 4120.77 | SL: 4419.10
2025-08-20 19:16:58,364 [WARNING] Discord alert failed: HTTP Error 403: Forbidden
2025-08-20 19:17:44,483 [INFO] Daemon stopped by user.
2025-08-20 19:23:05,058 [INFO] Starting daemon… (24/7)
2025-08-20 19:23:11,753 [INFO] [ETH BOT] 2025-08-20 16:00:00+00:00
Price: 4299.77 | P(up): 0.417 (thr 0.45)
Action: SELL  Qty≈0.83800
TP: 4120.77 | SL: 4419.10
2025-08-20 19:23:11,840 [WARNING] Discord alert failed: HTTP Error 403: Forbidden
2025-08-20 19:23:14,191 [INFO] Daemon stopped by user.
2025-08-20 19:26:28,805 [INFO] Starting daemon… (24/7)
2025-08-20 19:26:35,199 [INFO] [ETH BOT] 2025-08-20 16:00:00+00:00
Price: 4299.77 | P(up): 0.417 (thr 0.45)
Action: SELL  Qty≈0.83800
TP: 4120.77 | SL: 4419.10
2025-08-20 19:27:37,772 [INFO] [ETH BOT] 2025-08-20 16:00:00+00:00
Price: 4299.77 | P(up): 0.417 (thr 0.45)
Action: SELL  Qty≈0.83800
TP: 4120.77 | SL: 4419.10
2025-08-20 19:28:40,574 [INFO] [ETH BOT] 2025-08-20 16:00:00+00:00
Price: 4299.77 | P(up): 0.417 (thr 0.45)
Action: SELL  Qty≈0.83800
TP: 4120.77 | SL: 4419.10
2025-08-20 19:29:43,260 [INFO] [ETH BOT] 2025-08-20 16:00:00+00:00
Price: 4299.77 | P(up): 0.417 (thr 0.45)
Action: SELL  Qty≈0.83800
TP: 4120.77 | SL: 4419.10
2025-08-20 19:30:46,160 [INFO] [ETH BOT] 2025-08-20 16:00:00+00:00
Price: 4299.77 | P(up): 0.417 (thr 0.45)
Action: SELL  Qty≈0.83800
TP: 4120.77 | SL: 4419.10
2025-08-20 19:31:49,447 [INFO] [ETH BOT] 2025-08-20 16:00:00+00:00
Price: 4299.77 | P(up): 0.417 (thr 0.45)
Action: SELL  Qty≈0.83800
TP: 4120.77 | SL: 4419.10
2025-08-20 19:32:51,968 [INFO] [ETH BOT] 2025-08-20 16:00:00+00:00
Price: 4299.77 | P(up): 0.417 (thr 0.45)
Action: SELL  Qty≈0.83800
TP: 4120.77 | SL: 4419.10
2025-08-20 19:33:54,782 [INFO] [ETH BOT] 2025-08-20 16:00:00+00:00
Price: 4299.77 | P(up): 0.417 (thr 0.45)
Action: SELL  Qty≈0.83800
TP: 4120.77 | SL: 4419.10
2025-08-20 19:34:57,359 [INFO] [ETH BOT] 2025-08-20 16:00:00+00:00
Price: 4299.77 | P(up): 0.417 (thr 0.45)
Action: SELL  Qty≈0.83800
TP: 4120.77 | SL: 4419.10
2025-08-20 19:36:00,711 [INFO] [ETH BOT] 2025-08-20 16:00:00+00:00
Price: 4299.77 | P(up): 0.417 (thr 0.45)
Action: SELL  Qty≈0.83800
TP: 4120.77 | SL: 4419.10
2025-08-20 19:37:03,240 [INFO] [ETH BOT] 2025-08-20 16:00:00+00:00
Price: 4299.77 | P(up): 0.417 (thr 0.45)
Action: SELL  Qty≈0.83800
TP: 4120.77 | SL: 4419.10
2025-08-20 19:38:07,370 [INFO] [ETH BOT] 2025-08-20 16:00:00+00:00
Price: 4299.77 | P(up): 0.417 (thr 0.45)
Action: SELL  Qty≈0.83800
TP: 4120.77 | SL: 4419.10
2025-08-20 19:39:10,263 [INFO] [ETH BOT] 2025-08-20 16:00:00+00:00
Price: 4299.77 | P(up): 0.417 (thr 0.45)
Action: SELL  Qty≈0.83800
TP: 4120.77 | SL: 4419.10
2025-08-20 19:40:13,015 [INFO] [ETH BOT] 2025-08-20 16:00:00+00:00
Price: 4299.77 | P(up): 0.417 (thr 0.45)
Action: SELL  Qty≈0.83800
TP: 4120.77 | SL: 4419.10
2025-08-20 19:41:15,601 [INFO] [ETH BOT] 2025-08-20 16:00:00+00:00
Price: 4299.77 | P(up): 0.417 (thr 0.45)
Action: SELL  Qty≈0.83800
TP: 4120.77 | SL: 4419.10
2025-08-20 19:42:18,617 [INFO] [ETH BOT] 2025-08-20 16:00:00+00:00
Price: 4299.77 | P(up): 0.417 (thr 0.45)
Action: SELL  Qty≈0.83800
TP: 4120.77 | SL: 4419.10
2025-08-20 19:43:21,225 [INFO] [ETH BOT] 2025-08-20 16:00:00+00:00
Price: 4299.77 | P(up): 0.417 (thr 0.45)
Action: SELL  Qty≈0.83800
TP: 4120.77 | SL: 4419.10
2025-08-20 19:44:23,774 [INFO] [ETH BOT] 2025-08-20 16:00:00+00:00
Price: 4299.77 | P(up): 0.417 (thr 0.45)
Action: SELL  Qty≈0.83800
TP: 4120.77 | SL: 4419.10
2025-08-20 19:45:25,761 [INFO] Daemon stopped by user.
2025-08-20 19:45:34,624 [INFO] Starting daemon… (24/7)
2025-08-20 19:45:42,010 [INFO] [ETH BOT] 2025-08-20 16:00:00+00:00
Price: 4299.77 | P(up): 0.417 (thr 0.45)
Action: SELL  Qty≈0.83800
TP: 4120.77 | SL: 4419.10
2025-08-20 19:46:45,427 [INFO] [ETH BOT] 2025-08-20 16:00:00+00:00
Price: 4299.77 | P(up): 0.417 (thr 0.45)
Action: SELL  Qty≈0.83800
TP: 4120.77 | SL: 4419.10
2025-08-20 19:47:48,136 [INFO] [ETH BOT] 2025-08-20 16:00:00+00:00
Price: 4299.77 | P(up): 0.417 (thr 0.45)
Action: SELL  Qty≈0.83800
TP: 4120.77 | SL: 4419.10
2025-08-20 19:48:51,550 [INFO] [ETH BOT] 2025-08-20 16:00:00+00:00
Price: 4299.77 | P(up): 0.417 (thr 0.45)
Action: SELL  Qty≈0.83800
TP: 4120.77 | SL: 4419.10
2025-08-20 19:49:54,098 [INFO] [ETH BOT] 2025-08-20 16:00:00+00:00
Price: 4299.77 | P(up): 0.417 (thr 0.45)
Action: SELL  Qty≈0.83800
TP: 4120.77 | SL: 4419.10
2025-08-20 19:50:56,631 [INFO] [ETH BOT] 2025-08-20 16:00:00+00:00
Price: 4299.77 | P(up): 0.417 (thr 0.45)
Action: SELL  Qty≈0.83800
TP: 4120.77 | SL: 4419.10
2025-08-20 19:51:37,377 [INFO] Daemon stopped by user.
2025-08-20 20:31:44,981 [INFO] Starting backtest…
2025-08-20 20:33:41,788 [INFO] Walk-forward — acc: 0.510, f1: 0.611, precision: 0.519, recall: 0.828, thr*: 0.450
2025-08-20 20:33:41,830 [INFO] Saved model -> models\ensemble.pkl and meta -> models\meta.json
2025-08-20 20:34:12,405 [INFO] Starting daemon… (24/7)
2025-08-20 20:34:19,729 [INFO] [ETH BOT] 2025-08-20 17:00:00+00:00
Price: 4341.76 | P(up): 0.445 (thr 0.45)
Action: SELL  Qty≈0.83065
TP: 4161.18 | SL: 4462.15
2025-08-20 20:35:23,530 [INFO] [ETH BOT] 2025-08-20 17:00:00+00:00
Price: 4341.76 | P(up): 0.445 (thr 0.45)
Action: SELL  Qty≈0.83065
TP: 4161.18 | SL: 4462.15
2025-08-20 20:36:27,296 [INFO] [ETH BOT] 2025-08-20 17:00:00+00:00
Price: 4341.76 | P(up): 0.445 (thr 0.45)
Action: SELL  Qty≈0.83065
TP: 4161.18 | SL: 4462.15
2025-08-20 20:37:30,081 [INFO] [ETH BOT] 2025-08-20 17:00:00+00:00
Price: 4341.76 | P(up): 0.445 (thr 0.45)
Action: SELL  Qty≈0.83065
TP: 4161.18 | SL: 4462.15
2025-08-20 20:38:32,938 [INFO] [ETH BOT] 2025-08-20 17:00:00+00:00
Price: 4341.76 | P(up): 0.445 (thr 0.45)
Action: SELL  Qty≈0.83065
TP: 4161.18 | SL: 4462.15
2025-08-20 20:39:35,778 [INFO] [ETH BOT] 2025-08-20 17:00:00+00:00
Price: 4341.76 | P(up): 0.445 (thr 0.45)
Action: SELL  Qty≈0.83065
TP: 4161.18 | SL: 4462.15
2025-08-20 21:13:40,305 [INFO] Starting daemon… (24/7)
2025-08-20 21:13:48,470 [INFO] [ETH BOT] 2025-08-20 18:00:00+00:00
Price: 4289.55 | P(up): 0.469 (thr 0.45)
Action: BUY  Qty≈0.80894
TP: 4474.98 | SL: 4165.93
2025-08-20 21:14:51,630 [INFO] ⏩ Brak istotnych zmian — alert pominięty
2025-08-20 21:15:54,033 [INFO] ⏩ Brak istotnych zmian — alert pominięty
2025-08-20 21:16:56,076 [INFO] ⏩ Brak istotnych zmian — alert pominięty
2025-08-20 21:17:58,333 [INFO] ⏩ Brak istotnych zmian — alert pominięty
2025-08-20 21:19:00,389 [INFO] ⏩ Brak istotnych zmian — alert pominięty
2025-08-20 21:20:02,622 [INFO] ⏩ Brak istotnych zmian — alert pominięty
2025-08-20 21:21:04,934 [INFO] ⏩ Brak istotnych zmian — alert pominięty
2025-08-20 21:22:06,975 [INFO] ⏩ Brak istotnych zmian — alert pominięty
2025-08-20 21:23:08,997 [INFO] ⏩ Brak istotnych zmian — alert pominięty
2025-08-20 21:24:11,293 [INFO] ⏩ Brak istotnych zmian — alert pominięty
2025-08-20 21:25:13,383 [INFO] ⏩ Brak istotnych zmian — alert pominięty
2025-08-20 21:26:15,494 [INFO] ⏩ Brak istotnych zmian — alert pominięty
2025-08-20 21:27:17,589 [INFO] ⏩ Brak istotnych zmian — alert pominięty
2025-08-20 21:28:19,690 [INFO] ⏩ Brak istotnych zmian — alert pominięty
2025-08-20 21:29:21,717 [INFO] ⏩ Brak istotnych zmian — alert pominięty
2025-08-20 21:30:23,754 [INFO] ⏩ Brak istotnych zmian — alert pominięty
2025-08-20 21:31:25,809 [INFO] ⏩ Brak istotnych zmian — alert pominięty
2025-08-20 21:32:27,908 [INFO] ⏩ Brak istotnych zmian — alert pominięty
2025-08-20 21:33:29,980 [INFO] ⏩ Brak istotnych zmian — alert pominięty
2025-08-20 21:34:32,009 [INFO] ⏩ Brak istotnych zmian — alert pominięty
2025-08-20 21:35:34,310 [INFO] ⏩ Brak istotnych zmian — alert pominięty
2025-08-20 21:36:36,891 [INFO] ⏩ Brak istotnych zmian — alert pominięty
2025-08-20 21:37:38,913 [INFO] ⏩ Brak istotnych zmian — alert pominięty
2025-08-20 21:38:41,515 [INFO] ⏩ Brak istotnych zmian — alert pominięty
2025-08-20 21:39:43,627 [INFO] ⏩ Brak istotnych zmian — alert pominięty
2025-08-20 21:40:28,966 [INFO] Daemon stopped by user.
2025-08-20 21:40:57,975 [INFO] Starting daemon… (24/7)
2025-08-20 21:41:06,790 [INFO] [ETH BOT] 2025-08-20 18:00:00+00:00
Price: 4289.55 | P(up): 0.469 (thr 0.45)
Action: BUY  Qty≈0.80894
TP: 4474.98 | SL: 4165.93
2025-08-20 21:42:09,724 [INFO] ⏩ Brak istotnych zmian — alert pominięty
2025-08-20 21:43:12,037 [INFO] ⏩ Brak istotnych zmian — alert pominięty
2025-08-20 21:44:14,409 [INFO] ⏩ Brak istotnych zmian — alert pominięty
2025-08-20 21:45:16,757 [INFO] ⏩ Brak istotnych zmian — alert pominięty
2025-08-20 21:46:19,095 [INFO] ⏩ Brak istotnych zmian — alert pominięty
2025-08-20 21:47:21,501 [INFO] ⏩ Brak istotnych zmian — alert pominięty
2025-08-20 21:48:23,599 [INFO] ⏩ Brak istotnych zmian — alert pominięty
2025-08-20 21:49:25,656 [INFO] ⏩ Brak istotnych zmian — alert pominięty
2025-08-20 21:50:28,019 [INFO] ⏩ Brak istotnych zmian — alert pominięty
2025-08-20 21:51:30,249 [INFO] ⏩ Brak istotnych zmian — alert pominięty
2025-08-20 21:52:32,615 [INFO] ⏩ Brak istotnych zmian — alert pominięty
2025-08-20 21:53:35,260 [INFO] ⏩ Brak istotnych zmian — alert pominięty
2025-08-20 21:54:37,276 [INFO] ⏩ Brak istotnych zmian — alert pominięty
2025-08-20 21:55:39,579 [INFO] ⏩ Brak istotnych zmian — alert pominięty
2025-08-20 21:56:41,943 [INFO] ⏩ Brak istotnych zmian — alert pominięty
2025-08-20 21:57:11,032 [INFO] Daemon stopped by user.
2025-08-20 22:03:09,030 [INFO] Starting daemon… (24/7)
2025-08-20 22:03:19,128 [INFO] [ETH BOT] 2025-08-20 19:00:00+00:00
Price: 4344.33 | P(up): 0.445 (thr 0.45)
Action: SELL  Qty≈0.80533
TP: 4158.07 | SL: 4468.50
2025-08-20 22:04:23,169 [INFO] ⏩ Brak istotnych zmian — alert pominięty
2025-08-20 22:04:34,473 [INFO] Daemon stopped by user.
2025-08-20 22:04:48,642 [INFO] Starting daemon… (24/7)
2025-08-20 22:04:57,482 [INFO] [ETH BOT] 2025-08-20 19:00:00+00:00
Price: 4344.33 | P(up): 0.445 (thr 0.45)
Action: SELL  Qty≈0.80533
TP: 4158.07 | SL: 4468.50
2025-08-20 22:06:00,372 [INFO] ⏩ Brak istotnych zmian — alert pominięty
2025-08-20 22:07:02,984 [INFO] ⏩ Brak istotnych zmian — alert pominięty
2025-08-20 22:08:05,049 [INFO] ⏩ Brak istotnych zmian — alert pominięty
2025-08-20 22:08:43,939 [INFO] Daemon stopped by user.
2025-08-21 09:51:22,241 [INFO] Starting backtest…
2025-08-21 09:53:16,185 [INFO] Walk-forward — acc: 0.509, f1: 0.606, precision: 0.519, recall: 0.816, thr*: 0.450
2025-08-21 09:53:16,228 [INFO] Saved model -> models\ensemble.pkl and meta -> models\meta.json
2025-08-21 09:53:49,919 [INFO] Starting daemon… (24/7)
2025-08-21 09:53:56,606 [INFO] [ETH BOT] 2025-08-21 06:00:00+00:00
Price: 4305.11 | P(up): 0.470 (thr 0.45)
Action: BUY  Qty≈1.00876
TP: 4453.81 | SL: 4205.98
2025-08-21 09:54:59,410 [INFO] ⏩ Brak istotnych zmian — alert pominięty
2025-08-21 09:56:01,227 [INFO] ⏩ Brak istotnych zmian — alert pominięty
2025-08-21 09:57:03,045 [INFO] ⏩ Brak istotnych zmian — alert pominięty
2025-08-21 09:58:04,853 [INFO] ⏩ Brak istotnych zmian — alert pominięty
2025-08-21 09:59:06,908 [INFO] ⏩ Brak istotnych zmian — alert pominięty
2025-08-21 10:00:08,772 [INFO] [ETH BOT] 2025-08-21 07:00:00+00:00
Price: 4309.16 | P(up): 0.430 (thr 0.45)
Action: SELL  Qty≈1.01819
TP: 4161.84 | SL: 4407.37
2025-08-21 10:01:11,368 [INFO] ⏩ Brak istotnych zmian — alert pominięty
2025-08-21 10:02:13,177 [INFO] ⏩ Brak istotnych zmian — alert pominięty
2025-08-21 10:02:20,060 [INFO] Daemon stopped by user.
2025-08-21 14:56:43,173 [INFO] Starting daemon… (24/7)
2025-08-21 14:56:51,113 [INFO] [ETH BOT] 2025-08-21 11:00:00+00:00
Price: 4277.01 | P(up): 0.490 (thr 0.45)
Action: BUY  Qty≈1.07641
TP: 4416.36 | SL: 4184.11
2025-08-21 14:57:55,728 [INFO] ⏩ Brak istotnych zmian — alert pominięty
2025-08-21 14:58:57,767 [INFO] ⏩ Brak istotnych zmian — alert pominięty
2025-08-21 14:59:59,571 [INFO] ⏩ Brak istotnych zmian — alert pominięty
2025-08-21 15:01:01,657 [INFO] [ETH BOT] 2025-08-21 12:00:00+00:00
Price: 4247.83 | P(up): 0.512 (thr 0.45)
Action: BUY  Qty≈1.07112
TP: 4387.87 | SL: 4154.47
2025-08-21 15:02:04,519 [INFO] ⏩ Brak istotnych zmian — alert pominięty
2025-08-21 15:03:06,326 [INFO] ⏩ Brak istotnych zmian — alert pominięty
2025-08-21 15:04:08,148 [INFO] ⏩ Brak istotnych zmian — alert pominięty
2025-08-21 15:05:10,103 [INFO] ⏩ Brak istotnych zmian — alert pominięty
2025-08-21 15:06:11,934 [INFO] ⏩ Brak istotnych zmian — alert pominięty
2025-08-21 15:07:13,733 [INFO] ⏩ Brak istotnych zmian — alert pominięty
2025-08-21 15:08:15,541 [INFO] ⏩ Brak istotnych zmian — alert pominięty
2025-08-21 15:09:17,338 [INFO] ⏩ Brak istotnych zmian — alert pominięty
2025-08-21 15:10:19,147 [INFO] ⏩ Brak istotnych zmian — alert pominięty
2025-08-21 15:11:20,951 [INFO] ⏩ Brak istotnych zmian — alert pominięty
2025-08-21 15:12:22,754 [INFO] ⏩ Brak istotnych zmian — alert pominięty
2025-08-21 15:13:24,626 [INFO] ⏩ Brak istotnych zmian — alert pominięty
2025-08-21 15:14:26,444 [INFO] ⏩ Brak istotnych zmian — alert pominięty
2025-08-21 15:15:28,257 [INFO] ⏩ Brak istotnych zmian — alert pominięty
2025-08-21 15:16:30,080 [INFO] ⏩ Brak istotnych zmian — alert pominięty
2025-08-21 15:17:32,119 [INFO] ⏩ Brak istotnych zmian — alert pominięty
2025-08-21 15:18:33,942 [INFO] ⏩ Brak istotnych zmian — alert pominięty
2025-08-21 15:19:35,767 [INFO] ⏩ Brak istotnych zmian — alert pominięty
2025-08-21 15:20:37,582 [INFO] ⏩ Brak istotnych zmian — alert pominięty
2025-08-21 15:21:39,404 [INFO] ⏩ Brak istotnych zmian — alert pominięty
2025-08-21 15:22:41,210 [INFO] ⏩ Brak istotnych zmian — alert pominięty
2025-08-21 15:23:43,180 [INFO] ⏩ Brak istotnych zmian — alert pominięty
2025-08-21 15:24:44,985 [INFO] ⏩ Brak istotnych zmian — alert pominięty
2025-08-21 15:25:46,788 [INFO] ⏩ Brak istotnych zmian — alert pominięty
2025-08-21 15:26:48,588 [INFO] ⏩ Brak istotnych zmian — alert pominięty
2025-08-21 15:27:50,405 [INFO] ⏩ Brak istotnych zmian — alert pominięty
2025-08-21 15:28:52,204 [INFO] ⏩ Brak istotnych zmian — alert pominięty
2025-08-21 15:29:54,015 [INFO] ⏩ Brak istotnych zmian — alert pominięty
2025-08-21 15:30:55,823 [INFO] ⏩ Brak istotnych zmian — alert pominięty
2025-08-21 15:31:57,626 [INFO] ⏩ Brak istotnych zmian — alert pominięty
2025-08-21 15:32:59,440 [INFO] ⏩ Brak istotnych zmian — alert pominięty
2025-08-21 15:34:01,252 [INFO] ⏩ Brak istotnych zmian — alert pominięty
2025-08-21 15:35:03,059 [INFO] ⏩ Brak istotnych zmian — alert pominięty
2025-08-21 15:36:04,869 [INFO] ⏩ Brak istotnych zmian — alert pominięty
2025-08-21 15:37:06,683 [INFO] ⏩ Brak istotnych zmian — alert pominięty
2025-08-21 15:38:08,526 [INFO] ⏩ Brak istotnych zmian — alert pominięty
2025-08-21 15:39:10,346 [INFO] ⏩ Brak istotnych zmian — alert pominięty
2025-08-21 15:40:12,295 [INFO] ⏩ Brak istotnych zmian — alert pominięty
2025-08-21 15:41:14,097 [INFO] ⏩ Brak istotnych zmian — alert pominięty
2025-08-21 15:42:15,915 [INFO] ⏩ Brak istotnych zmian — alert pominięty
2025-08-21 15:43:17,741 [INFO] ⏩ Brak istotnych zmian — alert pominięty
2025-08-21 15:44:19,670 [INFO] ⏩ Brak istotnych zmian — alert pominięty
2025-08-21 15:45:21,854 [INFO] ⏩ Brak istotnych zmian — alert pominięty
2025-08-21 15:46:24,077 [INFO] ⏩ Brak istotnych zmian — alert pominięty
2025-08-21 15:47:25,939 [INFO] ⏩ Brak istotnych zmian — alert pominięty
2025-08-21 15:48:27,911 [INFO] ⏩ Brak istotnych zmian — alert pominięty
2025-08-21 15:49:29,766 [INFO] ⏩ Brak istotnych zmian — alert pominięty
2025-08-21 15:50:31,655 [INFO] ⏩ Brak istotnych zmian — alert pominięty
2025-08-21 15:51:33,688 [INFO] ⏩ Brak istotnych zmian — alert pominięty
2025-08-21 15:52:35,596 [INFO] ⏩ Brak istotnych zmian — alert pominięty
2025-08-21 15:53:37,609 [INFO] ⏩ Brak istotnych zmian — alert pominięty
2025-08-21 15:54:39,626 [INFO] ⏩ Brak istotnych zmian — alert pominięty
2025-08-21 15:55:41,656 [INFO] ⏩ Brak istotnych zmian — alert pominięty
2025-08-21 15:56:43,694 [INFO] ⏩ Brak istotnych zmian — alert pominięty
2025-08-21 15:57:45,555 [INFO] ⏩ Brak istotnych zmian — alert pominięty
2025-08-21 15:58:47,577 [INFO] ⏩ Brak istotnych zmian — alert pominięty
2025-08-21 15:59:49,470 [INFO] ⏩ Brak istotnych zmian — alert pominięty
2025-08-21 16:00:51,833 [INFO] [ETH BOT] 2025-08-21 13:00:00+00:00
Price: 4260.01 | P(up): 0.478 (thr 0.45)
Action: BUY  Qty≈1.05943
TP: 4401.60 | SL: 4165.62
2025-08-21 16:01:54,516 [INFO] ⏩ Brak istotnych zmian — alert pominięty
2025-08-21 16:02:56,361 [INFO] ⏩ Brak istotnych zmian — alert pominięty
2025-08-21 16:16:38,849 [INFO] ⏩ Brak istotnych zmian — alert pominięty
2025-08-21 16:17:40,733 [INFO] ⏩ Brak istotnych zmian — alert pominięty
2025-08-21 16:18:42,599 [INFO] ⏩ Brak istotnych zmian — alert pominięty
2025-08-21 16:19:44,468 [INFO] ⏩ Brak istotnych zmian — alert pominięty
2025-08-21 16:20:46,272 [INFO] ⏩ Brak istotnych zmian — alert pominięty
2025-08-21 16:21:48,076 [INFO] ⏩ Brak istotnych zmian — alert pominięty
2025-08-21 16:22:49,905 [INFO] ⏩ Brak istotnych zmian — alert pominięty
2025-08-21 16:23:51,774 [INFO] ⏩ Brak istotnych zmian — alert pominięty
2025-08-21 16:24:53,769 [INFO] ⏩ Brak istotnych zmian — alert pominięty
2025-08-21 16:25:55,596 [INFO] ⏩ Brak istotnych zmian — alert pominięty
2025-08-21 16:26:57,500 [INFO] ⏩ Brak istotnych zmian — alert pominięty
2025-08-21 16:27:59,462 [INFO] ⏩ Brak istotnych zmian — alert pominięty
2025-08-21 16:29:01,264 [INFO] ⏩ Brak istotnych zmian — alert pominięty
2025-08-21 16:30:03,300 [INFO] ⏩ Brak istotnych zmian — alert pominięty
2025-08-21 16:31:05,491 [INFO] ⏩ Brak istotnych zmian — alert pominięty
2025-08-21 16:32:07,476 [INFO] ⏩ Brak istotnych zmian — alert pominięty
2025-08-21 16:33:09,311 [INFO] ⏩ Brak istotnych zmian — alert pominięty
2025-08-21 16:34:11,296 [INFO] ⏩ Brak istotnych zmian — alert pominięty
2025-08-21 16:35:13,199 [INFO] ⏩ Brak istotnych zmian — alert pominięty
2025-08-21 16:36:15,075 [INFO] ⏩ Brak istotnych zmian — alert pominięty
2025-08-21 16:37:17,106 [INFO] ⏩ Brak istotnych zmian — alert pominięty
2025-08-21 16:38:19,664 [INFO] ⏩ Brak istotnych zmian — alert pominięty
2025-08-21 16:39:21,568 [INFO] ⏩ Brak istotnych zmian — alert pominięty
2025-08-21 16:40:23,403 [INFO] ⏩ Brak istotnych zmian — alert pominięty
2025-08-21 16:41:25,411 [INFO] ⏩ Brak istotnych zmian — alert pominięty
2025-08-21 16:42:27,471 [INFO] ⏩ Brak istotnych zmian — alert pominięty
2025-08-21 16:43:29,284 [INFO] ⏩ Brak istotnych zmian — alert pominięty
2025-08-21 16:44:31,141 [INFO] ⏩ Brak istotnych zmian — alert pominięty
2025-08-21 16:45:32,964 [INFO] ⏩ Brak istotnych zmian — alert pominięty
2025-08-21 16:46:34,902 [INFO] ⏩ Brak istotnych zmian — alert pominięty
2025-08-21 16:47:36,892 [INFO] ⏩ Brak istotnych zmian — alert pominięty
2025-08-21 16:48:38,706 [INFO] ⏩ Brak istotnych zmian — alert pominięty
2025-08-21 16:49:40,682 [INFO] ⏩ Brak istotnych zmian — alert pominięty
2025-08-21 16:50:42,560 [INFO] ⏩ Brak istotnych zmian — alert pominięty
2025-08-21 16:51:44,638 [INFO] ⏩ Brak istotnych zmian — alert pominięty
2025-08-21 16:52:46,619 [INFO] ⏩ Brak istotnych zmian — alert pominięty
2025-08-21 16:52:47,817 [INFO] Daemon stopped by user.
2025-08-21 21:40:06,383 [INFO] Starting daemon… (24/7)
2025-08-21 21:40:14,024 [INFO] [ETH BOT] 2025-08-21 18:00:00+00:00
Price: 4259.12 | P(up): 0.461 (thr 0.45)
Action: BUY  Qty≈1.05487
TP: 4401.32 | SL: 4164.32
2025-08-21 21:41:16,585 [INFO] ⏩ Brak istotnych zmian — alert pominięty
2025-08-21 21:42:18,611 [INFO] ⏩ Brak istotnych zmian — alert pominięty
2025-08-21 21:43:20,423 [INFO] ⏩ Brak istotnych zmian — alert pominięty
2025-08-21 21:44:22,592 [INFO] ⏩ Brak istotnych zmian — alert pominięty
2025-08-21 21:45:24,408 [INFO] ⏩ Brak istotnych zmian — alert pominięty
2025-08-21 21:46:26,358 [INFO] ⏩ Brak istotnych zmian — alert pominięty
2025-08-21 21:47:28,159 [INFO] ⏩ Brak istotnych zmian — alert pominięty
2025-08-21 21:48:29,959 [INFO] ⏩ Brak istotnych zmian — alert pominięty
2025-08-21 21:49:31,762 [INFO] ⏩ Brak istotnych zmian — alert pominięty
2025-08-21 21:50:33,559 [INFO] ⏩ Brak istotnych zmian — alert pominięty
2025-08-21 21:51:35,600 [INFO] ⏩ Brak istotnych zmian — alert pominięty
2025-08-21 21:52:37,409 [INFO] ⏩ Brak istotnych zmian — alert pominięty
2025-08-21 21:53:39,219 [INFO] ⏩ Brak istotnych zmian — alert pominięty
2025-08-21 21:54:41,255 [INFO] ⏩ Brak istotnych zmian — alert pominięty
2025-08-21 21:55:43,140 [INFO] ⏩ Brak istotnych zmian — alert pominięty
2025-08-21 21:56:44,938 [INFO] ⏩ Brak istotnych zmian — alert pominięty
2025-08-21 21:57:46,731 [INFO] ⏩ Brak istotnych zmian — alert pominięty
2025-08-21 21:58:48,540 [INFO] ⏩ Brak istotnych zmian — alert pominięty
2025-08-21 21:59:50,340 [INFO] ⏩ Brak istotnych zmian — alert pominięty
2025-08-21 22:00:52,147 [INFO] [ETH BOT] 2025-08-21 19:00:00+00:00
Price: 4222.03 | P(up): 0.478 (thr 0.45)
Action: BUY  Qty≈1.03889
TP: 4366.42 | SL: 4125.77
2025-08-21 22:01:54,750 [INFO] ⏩ Brak istotnych zmian — alert pominięty
2025-08-21 22:02:56,551 [INFO] ⏩ Brak istotnych zmian — alert pominięty
2025-08-21 22:03:58,345 [INFO] ⏩ Brak istotnych zmian — alert pominięty
2025-08-21 22:05:00,162 [INFO] ⏩ Brak istotnych zmian — alert pominięty
2025-08-21 22:06:01,986 [INFO] ⏩ Brak istotnych zmian — alert pominięty
2025-08-21 22:07:04,192 [INFO] ⏩ Brak istotnych zmian — alert pominięty
2025-08-21 22:08:06,000 [INFO] ⏩ Brak istotnych zmian — alert pominięty
2025-08-21 22:09:07,798 [INFO] ⏩ Brak istotnych zmian — alert pominięty
2025-08-21 22:10:10,026 [INFO] ⏩ Brak istotnych zmian — alert pominięty
2025-08-21 22:11:11,829 [INFO] ⏩ Brak istotnych zmian — alert pominięty
2025-08-21 22:12:13,622 [INFO] ⏩ Brak istotnych zmian — alert pominięty
2025-08-21 22:13:15,443 [INFO] ⏩ Brak istotnych zmian — alert pominięty
2025-08-21 22:14:17,961 [INFO] ⏩ Brak istotnych zmian — alert pominięty
2025-08-21 22:15:19,801 [INFO] ⏩ Brak istotnych zmian — alert pominięty
2025-08-21 22:16:21,668 [INFO] ⏩ Brak istotnych zmian — alert pominięty
2025-08-21 22:17:24,188 [INFO] ⏩ Brak istotnych zmian — alert pominięty
2025-08-21 22:18:26,021 [INFO] ⏩ Brak istotnych zmian — alert pominięty
2025-08-21 22:19:27,831 [INFO] ⏩ Brak istotnych zmian — alert pominięty
2025-08-21 22:20:29,643 [INFO] ⏩ Brak istotnych zmian — alert pominięty
2025-08-21 22:21:31,461 [INFO] ⏩ Brak istotnych zmian — alert pominięty
2025-08-21 22:22:33,279 [INFO] ⏩ Brak istotnych zmian — alert pominięty
2025-08-21 22:23:35,099 [INFO] ⏩ Brak istotnych zmian — alert pominięty
2025-08-21 22:24:36,948 [INFO] ⏩ Brak istotnych zmian — alert pominięty
2025-08-21 22:25:38,760 [INFO] ⏩ Brak istotnych zmian — alert pominięty
2025-08-21 22:26:40,575 [INFO] ⏩ Brak istotnych zmian — alert pominięty
2025-08-21 22:27:42,384 [INFO] ⏩ Brak istotnych zmian — alert pominięty
2025-08-21 22:28:44,232 [INFO] ⏩ Brak istotnych zmian — alert pominięty
2025-08-21 22:29:46,218 [INFO] ⏩ Brak istotnych zmian — alert pominięty
2025-08-21 22:30:48,013 [INFO] ⏩ Brak istotnych zmian — alert pominięty
2025-08-21 22:31:49,844 [INFO] ⏩ Brak istotnych zmian — alert pominięty
2025-08-21 22:32:51,655 [INFO] ⏩ Brak istotnych zmian — alert pominięty
2025-08-21 22:33:53,454 [INFO] ⏩ Brak istotnych zmian — alert pominięty
2025-08-21 22:34:55,626 [INFO] ⏩ Brak istotnych zmian — alert pominięty
2025-08-21 22:35:57,431 [INFO] ⏩ Brak istotnych zmian — alert pominięty
2025-08-21 22:36:59,238 [INFO] ⏩ Brak istotnych zmian — alert pominięty
2025-08-21 22:38:01,043 [INFO] ⏩ Brak istotnych zmian — alert pominięty
2025-08-21 22:39:02,865 [INFO] ⏩ Brak istotnych zmian — alert pominięty
2025-08-21 22:40:04,728 [INFO] ⏩ Brak istotnych zmian — alert pominięty
2025-08-21 22:41:06,693 [INFO] ⏩ Brak istotnych zmian — alert pominięty
2025-08-21 22:42:08,506 [INFO] ⏩ Brak istotnych zmian — alert pominięty
2025-08-21 22:43:10,306 [INFO] ⏩ Brak istotnych zmian — alert pominięty
2025-08-21 22:44:12,121 [INFO] ⏩ Brak istotnych zmian — alert pominięty
2025-08-21 22:45:13,932 [INFO] ⏩ Brak istotnych zmian — alert pominięty
2025-08-21 22:46:15,757 [INFO] ⏩ Brak istotnych zmian — alert pominięty
2025-08-21 22:47:17,797 [INFO] ⏩ Brak istotnych zmian — alert pominięty
2025-08-21 22:48:19,602 [INFO] ⏩ Brak istotnych zmian — alert pominięty
2025-08-21 22:49:21,405 [INFO] ⏩ Brak istotnych zmian — alert pominięty
2025-08-21 22:50:23,234 [INFO] ⏩ Brak istotnych zmian — alert pominięty
2025-08-21 22:51:06,486 [INFO] Daemon stopped by user.
2025-08-22 18:40:51,553 [INFO] Starting daemon… (24/7)
2025-08-22 18:40:58,313 [INFO] [ETH BOT] 2025-08-22 15:00:00+00:00
Price: 4613.93 | P(up): 0.470 (thr 0.45)
Action: BUY  Qty≈0.74122
TP: 4816.30 | SL: 4479.02
2025-08-22 18:42:01,109 [INFO] ⏩ Brak istotnych zmian — alert pominięty
2025-08-22 18:43:03,046 [INFO] ⏩ Brak istotnych zmian — alert pominięty
2025-08-22 18:44:04,855 [INFO] ⏩ Brak istotnych zmian — alert pominięty
2025-08-22 18:45:06,656 [INFO] ⏩ Brak istotnych zmian — alert pominięty
2025-08-22 18:46:08,453 [INFO] ⏩ Brak istotnych zmian — alert pominięty
2025-08-22 18:47:10,295 [INFO] ⏩ Brak istotnych zmian — alert pominięty
2025-08-22 18:48:12,093 [INFO] ⏩ Brak istotnych zmian — alert pominięty
2025-08-22 18:49:13,888 [INFO] ⏩ Brak istotnych zmian — alert pominięty
2025-08-22 18:50:15,696 [INFO] ⏩ Brak istotnych zmian — alert pominięty
2025-08-22 18:51:17,497 [INFO] ⏩ Brak istotnych zmian — alert pominięty
2025-08-22 18:52:19,319 [INFO] ⏩ Brak istotnych zmian — alert pominięty
2025-08-22 18:53:21,110 [INFO] ⏩ Brak istotnych zmian — alert pominięty
2025-08-22 18:54:22,919 [INFO] ⏩ Brak istotnych zmian — alert pominięty
2025-08-22 18:55:24,724 [INFO] ⏩ Brak istotnych zmian — alert pominięty
2025-08-22 18:56:26,530 [INFO] ⏩ Brak istotnych zmian — alert pominięty
2025-08-22 18:57:28,337 [INFO] ⏩ Brak istotnych zmian — alert pominięty
2025-08-22 18:58:30,141 [INFO] ⏩ Brak istotnych zmian — alert pominięty
2025-08-22 18:59:31,949 [INFO] ⏩ Brak istotnych zmian — alert pominięty
2025-08-22 19:00:33,754 [INFO] [ETH BOT] 2025-08-22 16:00:00+00:00
Price: 4744.88 | P(up): 0.430 (thr 0.45)
Action: SELL  Qty≈0.67032
TP: 4521.11 | SL: 4894.06
2025-08-22 19:01:36,306 [INFO] ⏩ Brak istotnych zmian — alert pominięty
2025-08-22 19:02:38,109 [INFO] ⏩ Brak istotnych zmian — alert pominięty
2025-08-22 19:03:39,921 [INFO] ⏩ Brak istotnych zmian — alert pominięty
2025-08-22 19:04:41,996 [INFO] ⏩ Brak istotnych zmian — alert pominięty
2025-08-22 19:05:43,891 [INFO] ⏩ Brak istotnych zmian — alert pominięty
2025-08-22 19:06:27,354 [INFO] Daemon stopped by user.
2025-08-25 13:06:13,015 [INFO] Starting daemon… (24/7)
2025-08-25 13:06:20,328 [INFO] [ETH BOT] 2025-08-25 10:00:00+00:00
Price: 4542.72 | P(up): 0.530 (thr 0.45+buf 0.05)
Action: BUY  Qty≈0.17466
TP: 4728.54 | SL: 4418.84 | vol%: 1.36 | RV_annual≈0.92
2025-08-25 13:08:20,146 [INFO] Daemon stopped by user.
2025-08-25 13:08:28,031 [INFO] Starting backtest…
2025-08-25 13:10:21,801 [INFO] Walk-forward — acc: 0.513, f1: 0.516, precision: 0.516, recall: 0.878, thr*: 0.450
2025-08-25 13:10:21,841 [INFO] Saved model -> models\ensemble.pkl and meta -> models\meta.json
2025-08-25 13:10:42,678 [INFO] Starting daemon… (24/7)
2025-08-25 13:10:50,011 [INFO] [ETH BOT] 2025-08-25 10:00:00+00:00
Price: 4542.72 | P(up): 0.551 (thr 0.45+buf 0.05)
Action: BUY  Qty≈0.17466
TP: 4728.54 | SL: 4418.84 | vol%: 1.36 | RV_annual≈0.92
2025-08-25 14:00:35,981 [INFO] ⏸ FLAT — trend_up=True vol_ok=True vol%=1.34 p(up)=0.264
2025-08-25 14:01:37,828 [INFO] ⏸ FLAT — trend_up=True vol_ok=True vol%=1.34 p(up)=0.264
2025-08-25 14:02:39,866 [INFO] ⏸ FLAT — trend_up=True vol_ok=True vol%=1.34 p(up)=0.264
2025-08-25 14:03:41,707 [INFO] ⏸ FLAT — trend_up=True vol_ok=True vol%=1.34 p(up)=0.264
2025-08-25 14:04:43,630 [INFO] ⏸ FLAT — trend_up=True vol_ok=True vol%=1.34 p(up)=0.264
2025-08-25 14:05:45,733 [INFO] ⏸ FLAT — trend_up=True vol_ok=True vol%=1.34 p(up)=0.264
2025-08-25 14:06:47,544 [INFO] ⏸ FLAT — trend_up=True vol_ok=True vol%=1.34 p(up)=0.264
2025-08-25 14:07:49,345 [INFO] ⏸ FLAT — trend_up=True vol_ok=True vol%=1.34 p(up)=0.264
2025-08-25 14:08:51,147 [INFO] ⏸ FLAT — trend_up=True vol_ok=True vol%=1.34 p(up)=0.264
2025-08-25 14:09:53,241 [INFO] ⏸ FLAT — trend_up=True vol_ok=True vol%=1.34 p(up)=0.264
2025-08-25 14:10:55,599 [INFO] ⏸ FLAT — trend_up=True vol_ok=True vol%=1.34 p(up)=0.264
2025-08-25 14:11:57,424 [INFO] ⏸ FLAT — trend_up=True vol_ok=True vol%=1.34 p(up)=0.264
2025-08-25 14:12:59,270 [INFO] ⏸ FLAT — trend_up=True vol_ok=True vol%=1.34 p(up)=0.264
2025-08-25 14:14:01,077 [INFO] ⏸ FLAT — trend_up=True vol_ok=True vol%=1.34 p(up)=0.264
2025-08-25 14:15:03,827 [INFO] ⏸ FLAT — trend_up=True vol_ok=True vol%=1.34 p(up)=0.264
2025-08-25 14:16:05,648 [INFO] ⏸ FLAT — trend_up=True vol_ok=True vol%=1.34 p(up)=0.264
2025-08-25 14:17:07,489 [INFO] ⏸ FLAT — trend_up=True vol_ok=True vol%=1.34 p(up)=0.264
2025-08-25 14:18:09,675 [INFO] ⏸ FLAT — trend_up=True vol_ok=True vol%=1.34 p(up)=0.264
2025-08-25 14:19:11,479 [INFO] ⏸ FLAT — trend_up=True vol_ok=True vol%=1.34 p(up)=0.264
2025-08-25 14:20:13,444 [INFO] ⏸ FLAT — trend_up=True vol_ok=True vol%=1.34 p(up)=0.264
2025-08-25 14:21:16,362 [INFO] ⏸ FLAT — trend_up=True vol_ok=True vol%=1.34 p(up)=0.264
2025-08-25 14:22:18,340 [INFO] ⏸ FLAT — trend_up=True vol_ok=True vol%=1.34 p(up)=0.264
2025-08-25 14:23:20,187 [INFO] ⏸ FLAT — trend_up=True vol_ok=True vol%=1.34 p(up)=0.264
2025-08-25 14:24:21,986 [INFO] ⏸ FLAT — trend_up=True vol_ok=True vol%=1.34 p(up)=0.264
2025-08-25 14:25:23,794 [INFO] ⏸ FLAT — trend_up=True vol_ok=True vol%=1.34 p(up)=0.264
2025-08-25 14:26:25,619 [INFO] ⏸ FLAT — trend_up=True vol_ok=True vol%=1.34 p(up)=0.264
2025-08-25 14:27:27,624 [INFO] ⏸ FLAT — trend_up=True vol_ok=True vol%=1.34 p(up)=0.264
2025-08-25 14:28:29,839 [INFO] ⏸ FLAT — trend_up=True vol_ok=True vol%=1.34 p(up)=0.264
2025-08-25 14:29:31,662 [INFO] ⏸ FLAT — trend_up=True vol_ok=True vol%=1.34 p(up)=0.264
2025-08-25 14:30:33,489 [INFO] ⏸ FLAT — trend_up=True vol_ok=True vol%=1.34 p(up)=0.264
2025-08-25 14:31:35,319 [INFO] ⏸ FLAT — trend_up=True vol_ok=True vol%=1.34 p(up)=0.264
2025-08-25 14:32:37,155 [INFO] ⏸ FLAT — trend_up=True vol_ok=True vol%=1.34 p(up)=0.264
2025-08-25 14:33:39,055 [INFO] ⏸ FLAT — trend_up=True vol_ok=True vol%=1.34 p(up)=0.264
2025-08-25 14:34:40,867 [INFO] ⏸ FLAT — trend_up=True vol_ok=True vol%=1.34 p(up)=0.264
2025-08-25 14:35:08,273 [INFO] Daemon stopped by user.
2025-08-25 14:35:19,654 [INFO] Starting backtest…
2025-08-25 14:37:11,758 [INFO] Walk-forward — acc: 0.512, f1: 0.518, precision: 0.516, recall: 0.873, thr*: 0.450
2025-08-25 14:37:11,798 [INFO] Saved model -> models\ensemble.pkl and meta -> models\meta.json
2025-08-25 14:39:08,115 [INFO] Starting daemon… (24/7)
2025-08-25 14:39:14,888 [INFO] ⏸ FLAT — trend_up=True vol_ok=True vol%=1.34 p(up)=0.482
2025-08-25 14:40:16,910 [INFO] ⏸ FLAT — trend_up=True vol_ok=True vol%=1.34 p(up)=0.482
2025-08-25 14:41:18,752 [INFO] ⏸ FLAT — trend_up=True vol_ok=True vol%=1.34 p(up)=0.482
2025-08-25 14:42:20,666 [INFO] ⏸ FLAT — trend_up=True vol_ok=True vol%=1.34 p(up)=0.482
2025-08-25 14:43:22,638 [INFO] ⏸ FLAT — trend_up=True vol_ok=True vol%=1.34 p(up)=0.482
2025-08-25 14:44:24,483 [INFO] ⏸ FLAT — trend_up=True vol_ok=True vol%=1.34 p(up)=0.482
2025-08-25 14:45:26,882 [INFO] ⏸ FLAT — trend_up=True vol_ok=True vol%=1.34 p(up)=0.482
2025-08-25 14:46:28,740 [INFO] ⏸ FLAT — trend_up=True vol_ok=True vol%=1.34 p(up)=0.482
2025-08-25 14:47:30,559 [INFO] ⏸ FLAT — trend_up=True vol_ok=True vol%=1.34 p(up)=0.482
2025-08-25 14:48:32,417 [INFO] ⏸ FLAT — trend_up=True vol_ok=True vol%=1.34 p(up)=0.482
2025-08-25 14:49:34,230 [INFO] ⏸ FLAT — trend_up=True vol_ok=True vol%=1.34 p(up)=0.482
2025-08-25 14:50:36,069 [INFO] ⏸ FLAT — trend_up=True vol_ok=True vol%=1.34 p(up)=0.482
2025-08-25 14:51:37,868 [INFO] ⏸ FLAT — trend_up=True vol_ok=True vol%=1.34 p(up)=0.482
2025-08-25 14:52:39,855 [INFO] ⏸ FLAT — trend_up=True vol_ok=True vol%=1.34 p(up)=0.482
2025-08-25 14:53:41,792 [INFO] ⏸ FLAT — trend_up=True vol_ok=True vol%=1.34 p(up)=0.482
2025-08-25 14:54:43,621 [INFO] ⏸ FLAT — trend_up=True vol_ok=True vol%=1.34 p(up)=0.482
2025-08-25 14:55:45,448 [INFO] ⏸ FLAT — trend_up=True vol_ok=True vol%=1.34 p(up)=0.482
2025-08-25 14:56:47,276 [INFO] ⏸ FLAT — trend_up=True vol_ok=True vol%=1.34 p(up)=0.482
2025-08-25 14:57:49,081 [INFO] ⏸ FLAT — trend_up=True vol_ok=True vol%=1.34 p(up)=0.482
2025-08-25 14:58:50,906 [INFO] ⏸ FLAT — trend_up=True vol_ok=True vol%=1.34 p(up)=0.482
2025-08-25 14:59:52,726 [INFO] ⏸ FLAT — trend_up=True vol_ok=True vol%=1.34 p(up)=0.482
2025-08-25 15:00:54,566 [INFO] ⏸ FLAT — trend_up=True vol_ok=True vol%=1.33 p(up)=0.460
2025-08-25 15:01:56,376 [INFO] ⏸ FLAT — trend_up=True vol_ok=True vol%=1.33 p(up)=0.460
2025-08-25 15:02:58,184 [INFO] ⏸ FLAT — trend_up=True vol_ok=True vol%=1.33 p(up)=0.460
2025-08-25 15:03:59,988 [INFO] ⏸ FLAT — trend_up=True vol_ok=True vol%=1.33 p(up)=0.460
2025-08-25 15:05:02,140 [INFO] ⏸ FLAT — trend_up=True vol_ok=True vol%=1.33 p(up)=0.460
2025-08-25 15:06:03,987 [INFO] ⏸ FLAT — trend_up=True vol_ok=True vol%=1.33 p(up)=0.460
2025-08-25 15:07:05,818 [INFO] ⏸ FLAT — trend_up=True vol_ok=True vol%=1.33 p(up)=0.460
2025-08-25 15:08:07,650 [INFO] ⏸ FLAT — trend_up=True vol_ok=True vol%=1.33 p(up)=0.460
2025-08-25 15:09:09,816 [INFO] ⏸ FLAT — trend_up=True vol_ok=True vol%=1.33 p(up)=0.460
2025-08-25 15:10:11,740 [INFO] ⏸ FLAT — trend_up=True vol_ok=True vol%=1.33 p(up)=0.460
2025-08-25 15:11:13,552 [INFO] ⏸ FLAT — trend_up=True vol_ok=True vol%=1.33 p(up)=0.460
2025-08-25 15:12:15,371 [INFO] ⏸ FLAT — trend_up=True vol_ok=True vol%=1.33 p(up)=0.460
2025-08-25 15:13:17,181 [INFO] ⏸ FLAT — trend_up=True vol_ok=True vol%=1.33 p(up)=0.460
2025-08-25 15:14:19,004 [INFO] ⏸ FLAT — trend_up=True vol_ok=True vol%=1.33 p(up)=0.460
2025-08-25 15:15:20,813 [INFO] ⏸ FLAT — trend_up=True vol_ok=True vol%=1.33 p(up)=0.460
2025-08-25 15:16:22,619 [INFO] ⏸ FLAT — trend_up=True vol_ok=True vol%=1.33 p(up)=0.460
2025-08-25 15:17:24,479 [INFO] ⏸ FLAT — trend_up=True vol_ok=True vol%=1.33 p(up)=0.460
2025-08-25 15:18:26,308 [INFO] ⏸ FLAT — trend_up=True vol_ok=True vol%=1.33 p(up)=0.460
2025-08-25 15:19:28,116 [INFO] ⏸ FLAT — trend_up=True vol_ok=True vol%=1.33 p(up)=0.460
2025-08-25 15:20:30,037 [INFO] ⏸ FLAT — trend_up=True vol_ok=True vol%=1.33 p(up)=0.460
2025-08-25 15:21:31,831 [INFO] ⏸ FLAT — trend_up=True vol_ok=True vol%=1.33 p(up)=0.460
2025-08-25 15:22:33,637 [INFO] ⏸ FLAT — trend_up=True vol_ok=True vol%=1.33 p(up)=0.460
2025-08-25 15:23:35,449 [INFO] ⏸ FLAT — trend_up=True vol_ok=True vol%=1.33 p(up)=0.460
2025-08-25 15:24:37,272 [INFO] ⏸ FLAT — trend_up=True vol_ok=True vol%=1.33 p(up)=0.460
2025-08-25 22:29:18,486 [INFO] Starting daemon… (24/7)
2025-08-25 22:29:26,596 [INFO] [ETH BOT] 2025-08-25 19:00:00+00:00
Price: 4418.75 | P(up): 0.680 (thr 0.45+buf 0.05)
Action: BUY  Qty≈0.14972
TP: 4614.81 | SL: 4288.04 | vol%: 1.48 | RV_annual≈1.02
2025-08-25 22:29:43,484 [INFO] Daemon stopped by user.
2025-08-25 22:39:20,646 [INFO] Starting daemon… (24/7)
2025-08-25 22:39:28,200 [INFO] [ETH BOT] 2025-08-25 19:00:00+00:00
Price: 4418.75 | P(up): 0.680 (thr 0.45+buf 0.05)
Action: BUY  Qty≈0.14972
TP: 4614.81 | SL: 4288.04 | vol%: 1.48 | RV_annual≈1.02
2025-08-25 22:39:35,429 [INFO] Daemon stopped by user.
2025-08-26 16:29:30,881 [INFO] Starting daemon… (24/7)
2025-08-26 16:29:37,567 [INFO] ⏸ FLAT — trend_up=True vol_ok=True vol%=1.40 p(up)=0.460
2025-08-26 16:29:52,926 [INFO] Daemon stopped by user.
2025-08-26 17:19:51,309 [INFO] Starting backtest…
2025-08-26 17:21:50,041 [INFO] Walk-forward — acc: 0.516, f1: 0.542, precision: 0.515, recall: 0.916, thr*: 0.450
2025-08-26 17:21:50,103 [INFO] Saved model -> models\ensemble.pkl and meta -> models\meta.json
2025-08-26 17:22:13,935 [INFO] Starting daemon… (24/7)
2025-08-26 17:22:20,717 [INFO] ⏸ FLAT — trend_up=True vol_ok=True vol%=1.45 p(up)=0.377
2025-08-26 17:22:28,069 [INFO] Daemon stopped by user.
